{"timestamp": "2020-07-29T06:16:52.070+0700", "@timestamp": "2020-07-28T23:16:52.070Z", "rule": {"firedtimes": 18, "description": "Windows Application error event", "level": 9, "gpg13": ["4.3"], "groups": ["windows", "windows_application", "system_error"], "mail": false, "id": "60602", "gdpr": ["IV_35.7.d"]}, "manager": {"name": "vkm"}, "agent": {"ip": "192.168.1.20", "name": "viencn_may07", "id": "035"}, "decoder": {"name": "windows_eventchannel"}, "input": {"type": "log"}, "data": {"win": {"eventdata": {"data": "http://www.download.windowsupdate.com/msdownload/update/v3/static/trustedr/en/authrootstl.cab, The data is invalid."}, "system": {"eventID": "4107", "providerGuid": "{5bbca4a8-b209-48dc-a8c7-b23d3e5216fb}", "systemTime": "2020-07-28T23:16:52.585358200Z", "task": "0", "computer": "Dung-PC", "eventSourceName": "Microsoft-Windows-CAPI2", "providerName": "Microsoft-Windows-CAPI2", "level": "2", "version": "0", "opcode": "0", "eventRecordID": "80694", "threadID": "1748", "keywords": "0x8080000000000000", "severityValue": "ERROR", "message": "\"Failed extract of third-party root list from auto update cab at: <http://www.download.windowsupdate.com/msdownload/update/v3/static/trustedr/en/authrootstl.cab> with error: The data is invalid.\r\n.\"", "processID": "1732", "channel": "Application"}}}, "id": "1595978212.966147", "location": "EventChannel"}
{"timestamp": "2020-07-29T06:16:52.074+0700", "@timestamp": "2020-07-28T23:16:52.074Z", "rule": {"firedtimes": 21, "description": "Windows Application error event", "level": 9, "gpg13": ["4.3"], "groups": ["windows", "windows_application", "system_error"], "mail": false, "id": "60602", "gdpr": ["IV_35.7.d"]}, "manager": {"name": "vkm"}, "agent": {"ip": "192.168.1.20", "name": "viencn_may07", "id": "035"}, "decoder": {"name": "windows_eventchannel"}, "input": {"type": "log"}, "data": {"win": {"eventdata": {"data": "http://www.download.windowsupdate.com/msdownload/update/v3/static/trustedr/en/authrootstl.cab, The data is invalid."}, "system": {"eventID": "4107", "providerGuid": "{5bbca4a8-b209-48dc-a8c7-b23d3e5216fb}", "systemTime": "2020-07-28T23:16:52.723366100Z", "task": "0", "computer": "Dung-PC", "eventSourceName": "Microsoft-Windows-CAPI2", "providerName": "Microsoft-Windows-CAPI2", "level": "2", "version": "0", "opcode": "0", "eventRecordID": "80697", "threadID": "1748", "keywords": "0x8080000000000000", "severityValue": "ERROR", "message": "\"Failed extract of third-party root list from auto update cab at: <http://www.download.windowsupdate.com/msdownload/update/v3/static/trustedr/en/authrootstl.cab> with error: The data is invalid.\r\n.\"", "processID": "1732", "channel": "Application"}}}, "id": "1595978212.971850", "location": "EventChannel"}
{"timestamp": "2020-07-29T06:16:52.075+0700", "@timestamp": "2020-07-28T23:16:52.075Z", "rule": {"firedtimes": 22, "description": "Windows Application error event", "level": 9, "gpg13": ["4.3"], "groups": ["windows", "windows_application", "system_error"], "mail": false, "id": "60602", "gdpr": ["IV_35.7.d"]}, "manager": {"name": "vkm"}, "agent": {"ip": "192.168.1.20", "name": "viencn_may07", "id": "035"}, "decoder": {"name": "windows_eventchannel"}, "input": {"type": "log"}, "data": {"win": {"eventdata": {"data": "http://www.download.windowsupdate.com/msdownload/update/v3/static/trustedr/en/authrootstl.cab, The data is invalid."}, "system": {"eventID": "4107", "providerGuid": "{5bbca4a8-b209-48dc-a8c7-b23d3e5216fb}", "systemTime": "2020-07-28T23:16:52.755367900Z", "task": "0", "computer": "Dung-PC", "eventSourceName": "Microsoft-Windows-CAPI2", "providerName": "Microsoft-Windows-CAPI2", "level": "2", "version": "0", "opcode": "0", "eventRecordID": "80699", "threadID": "1748", "keywords": "0x8080000000000000", "severityValue": "ERROR", "message": "\"Failed extract of third-party root list from auto update cab at: <http://www.download.windowsupdate.com/msdownload/update/v3/static/trustedr/en/authrootstl.cab> with error: The data is invalid.\r\n.\"", "processID": "1732", "channel": "Application"}}}, "id": "1595978212.981500", "location": "EventChannel"}
{"timestamp": "2020-07-29T06:16:52.077+0700", "@timestamp": "2020-07-28T23:16:52.077Z", "rule": {"firedtimes": 25, "description": "Windows Application error event", "level": 9, "gpg13": ["4.3"], "groups": ["windows", "windows_application", "system_error"], "mail": false, "id": "60602", "gdpr": ["IV_35.7.d"]}, "manager": {"name": "vkm"}, "agent": {"ip": "192.168.1.20", "name": "viencn_may07", "id": "035"}, "decoder": {"name": "windows_eventchannel"}, "input": {"type": "log"}, "data": {"win": {"eventdata": {"data": "http://www.download.windowsupdate.com/msdownload/update/v3/static/trustedr/en/authrootstl.cab, The data is invalid."}, "system": {"eventID": "4107", "providerGuid": "{5bbca4a8-b209-48dc-a8c7-b23d3e5216fb}", "systemTime": "2020-07-28T23:16:52.824371900Z", "task": "0", "computer": "Dung-PC", "eventSourceName": "Microsoft-Windows-CAPI2", "providerName": "Microsoft-Windows-CAPI2", "level": "2", "version": "0", "opcode": "0", "eventRecordID": "80702", "threadID": "1748", "keywords": "0x8080000000000000", "severityValue": "ERROR", "message": "\"Failed extract of third-party root list from auto update cab at: <http://www.download.windowsupdate.com/msdownload/update/v3/static/trustedr/en/authrootstl.cab> with error: The data is invalid.\r\n.\"", "processID": "1732", "channel": "Application"}}}, "id": "1595978212.987203", "location": "EventChannel"}
{"timestamp": "2020-07-29T06:16:52.077+0700", "@timestamp": "2020-07-28T23:16:52.077Z", "rule": {"firedtimes": 26, "description": "Windows Application error event", "level": 9, "gpg13": ["4.3"], "groups": ["windows", "windows_application", "system_error"], "mail": false, "id": "60602", "gdpr": ["IV_35.7.d"]}, "manager": {"name": "vkm"}, "agent": {"ip": "192.168.1.20", "name": "viencn_may07", "id": "035"}, "decoder": {"name": "windows_eventchannel"}, "input": {"type": "log"}, "data": {"win": {"eventdata": {"data": "http://www.download.windowsupdate.com/msdownload/update/v3/static/trustedr/en/authrootstl.cab, The data is invalid."}, "system": {"eventID": "4107", "providerGuid": "{5bbca4a8-b209-48dc-a8c7-b23d3e5216fb}", "systemTime": "2020-07-28T23:16:52.839372700Z", "task": "0", "computer": "Dung-PC", "eventSourceName": "Microsoft-Windows-CAPI2", "providerName": "Microsoft-Windows-CAPI2", "level": "2", "version": "0", "opcode": "0", "eventRecordID": "80703", "threadID": "1748", "keywords": "0x8080000000000000", "severityValue": "ERROR", "message": "\"Failed extract of third-party root list from auto update cab at: <http://www.download.windowsupdate.com/msdownload/update/v3/static/trustedr/en/authrootstl.cab> with error: The data is invalid.\r\n.\"", "processID": "1732", "channel": "Application"}}}, "id": "1595978212.989104", "location": "EventChannel"}
{"timestamp": "2020-07-29T06:16:52.081+0700", "@timestamp": "2020-07-28T23:16:52.081Z", "manager": {"name": "vkm"}, "rule": {"firedtimes": 4, "description": "Multiple Windows error Application events", "level": 10, "frequency": 8, "groups": ["windows", "windows_application"], "mail": false, "id": "61061"}, "previous_output": "{\"win\":{\"system\":{\"providerName\":\"Microsoft-Windows-CAPI2\",\"providerGuid\":\"{5bbca4a8-b209-48dc-a8c7-b23d3e5216fb}\",\"eventSourceName\":\"Microsoft-Windows-CAPI2\",\"eventID\":\"4107\",\"version\":\"0\",\"level\":\"2\",\"task\":\"0\",\"opcode\":\"0\",\"keywords\":\"0x8080000000000000\",\"systemTime\":\"2020-07-28T23:16:52.886375400Z\",\"eventRecordID\":\"80705\",\"processID\":\"1732\",\"threadID\":\"1748\",\"channel\":\"Application\",\"computer\":\"Dung-PC\",\"severityValue\":\"ERROR\",\"message\":\"\\\"Failed extract of third-party root list from auto update cab at: <http://www.download.windowsupdate.com/msdownload/update/v3/static/trustedr/en/authrootstl.cab> with error: The data is invalid.\\r\\n.\\\"\"},\"eventdata\":{\"data\":\"http://www.download.windowsupdate.com/msdownload/update/v3/static/trustedr/en/authrootstl.cab, The data is invalid.\"}}}\n{\"win\":{\"system\":{\"providerName\":\"Microsoft-Windows-CAPI2\",\"providerGuid\":\"{5bbca4a8-b209-48dc-a8c7-b23d3e5216fb}\",\"eventSourceName\":\"Microsoft-Windows-CAPI2\",\"eventID\":\"4107\",\"version\":\"0\",\"level\":\"2\",\"task\":\"0\",\"opcode\":\"0\",\"keywords\":\"0x8080000000000000\",\"systemTime\":\"2020-07-28T23:16:52.853373500Z\",\"eventRecordID\":\"80704\",\"processID\":\"1732\",\"threadID\":\"1748\",\"channel\":\"Application\",\"computer\":\"Dung-PC\",\"severityValue\":\"ERROR\",\"message\":\"\\\"Failed extract of third-party root list from auto update cab at: <http://www.download.windowsupdate.com/msdownload/update/v3/static/trustedr/en/authrootstl.cab> with error: The data is invalid.\\r\\n.\\\"\"},\"eventdata\":{\"data\":\"http://www.download.windowsupdate.com/msdownload/update/v3/static/trustedr/en/authrootstl.cab, The data is invalid.\"}}}\n{\"win\":{\"system\":{\"providerName\":\"Microsoft-Windows-CAPI2\",\"providerGuid\":\"{5bbca4a8-b209-48dc-a8c7-b23d3e5216fb}\",\"eventSourceName\":\"Microsoft-Windows-CAPI2\",\"eventID\":\"4107\",\"version\":\"0\",\"level\":\"2\",\"task\":\"0\",\"opcode\":\"0\",\"keywords\":\"0x8080000000000000\",\"systemTime\":\"2020-07-28T23:16:52.839372700Z\",\"eventRecordID\":\"80703\",\"processID\":\"1732\",\"threadID\":\"1748\",\"channel\":\"Application\",\"computer\":\"Dung-PC\",\"severityValue\":\"ERROR\",\"message\":\"\\\"Failed extract of third-party root list from auto update cab at: <http://www.download.windowsupdate.com/msdownload/update/v3/static/trustedr/en/authrootstl.cab> with error: The data is invalid.\\r\\n.\\\"\"},\"eventdata\":{\"data\":\"http://www.download.windowsupdate.com/msdownload/update/v3/static/trustedr/en/authrootstl.cab, The data is invalid.\"}}}\n{\"win\":{\"system\":{\"providerName\":\"Microsoft-Windows-CAPI2\",\"providerGuid\":\"{5bbca4a8-b209-48dc-a8c7-b23d3e5216fb}\",\"eventSourceName\":\"Microsoft-Windows-CAPI2\",\"eventID\":\"4107\",\"version\":\"0\",\"level\":\"2\",\"task\":\"0\",\"opcode\":\"0\",\"keywords\":\"0x8080000000000000\",\"systemTime\":\"2020-07-28T23:16:52.824371900Z\",\"eventRecordID\":\"80702\",\"processID\":\"1732\",\"threadID\":\"1748\",\"channel\":\"Application\",\"computer\":\"Dung-PC\",\"severityValue\":\"ERROR\",\"message\":\"\\\"Failed extract of third-party root list from auto update cab at: <http://www.download.windowsupdate.com/msdownload/update/v3/static/trustedr/en/authrootstl.cab> with error: The data is invalid.\\r\\n.\\\"\"},\"eventdata\":{\"data\":\"http://www.download.windowsupdate.com/msdownload/update/v3/static/trustedr/en/authrootstl.cab, The data is invalid.\"}}}\n{\"win\":{\"system\":{\"providerName\":\"Microsoft-Windows-CAPI2\",\"providerGuid\":\"{5bbca4a8-b209-48dc-a8c7-b23d3e5216fb}\",\"eventSourceName\":\"Microsoft-Windows-CAPI2\",\"eventID\":\"4107\",\"version\":\"0\",\"level\":\"2\",\"task\":\"0\",\"opcode\":\"0\",\"keywords\":\"0x8080000000000000\",\"systemTime\":\"2020-07-28T23:16:52.802370600Z\",\"eventRecordID\":\"80701\",\"processID\":\"1732\",\"threadID\":\"1748\",\"channel\":\"Application\",\"computer\":\"Dung-PC\",\"severityValue\":\"ERROR\",\"message\":\"\\\"Failed extract of third-party root list from auto update cab at: <http://www.download.windowsupdate.com/msdownload/update/v3/static/trustedr/en/authrootstl.cab> with error: The data is invalid.\\r\\n.\\\"\"},\"eventdata\":{\"data\":\"http://www.download.windowsupdate.com/msdownload/update/v3/static/trustedr/en/authrootstl.cab, The data is invalid.\"}}}\n{\"win\":{\"system\":{\"providerName\":\"Microsoft-Windows-CAPI2\",\"providerGuid\":\"{5bbca4a8-b209-48dc-a8c7-b23d3e5216fb}\",\"eventSourceName\":\"Microsoft-Windows-CAPI2\",\"eventID\":\"4107\",\"version\":\"0\",\"level\":\"2\",\"task\":\"0\",\"opcode\":\"0\",\"keywords\":\"0x8080000000000000\",\"systemTime\":\"2020-07-28T23:16:52.770368800Z\",\"eventRecordID\":\"80700\",\"processID\":\"1732\",\"threadID\":\"1748\",\"channel\":\"Application\",\"computer\":\"Dung-PC\",\"severityValue\":\"ERROR\",\"message\":\"\\\"Failed extract of third-party root list from auto update cab at: <http://www.download.windowsupdate.com/msdownload/update/v3/static/trustedr/en/authrootstl.cab> with error: The data is invalid.\\r\\n.\\\"\"},\"eventdata\":{\"data\":\"http://www.download.windowsupdate.com/msdownload/update/v3/static/trustedr/en/authrootstl.cab, The data is invalid.\"}}}\n{\"win\":{\"system\":{\"providerName\":\"Microsoft-Windows-CAPI2\",\"providerGuid\":\"{5bbca4a8-b209-48dc-a8c7-b23d3e5216fb}\",\"eventSourceName\":\"Microsoft-Windows-CAPI2\",\"eventID\":\"4107\",\"version\":\"0\",\"level\":\"2\",\"task\":\"0\",\"opcode\":\"0\",\"keywords\":\"0x8080000000000000\",\"systemTime\":\"2020-07-28T23:16:52.755367900Z\",\"eventRecordID\":\"80699\",\"processID\":\"1732\",\"threadID\":\"1748\",\"channel\":\"Application\",\"computer\":\"Dung-PC\",\"severityValue\":\"ERROR\",\"message\":\"\\\"Failed extract of third-party root list from auto update cab at: <http://www.download.windowsupdate.com/msdownload/update/v3/static/trustedr/en/authrootstl.cab> with error: The data is invalid.\\r\\n.\\\"\"},\"eventdata\":{\"data\":\"http://www.download.windowsupdate.com/msdownload/update/v3/static/trustedr/en/authrootstl.cab, The data is invalid.\"}}}", "agent": {"ip": "192.168.1.20", "name": "viencn_may07", "id": "035"}, "decoder": {"name": "windows_eventchannel"}, "input": {"type": "log"}, "data": {"win": {"eventdata": {"data": "http://www.download.windowsupdate.com/msdownload/update/v3/static/trustedr/en/authrootstl.cab, The data is invalid."}, "system": {"eventID": "4107", "providerGuid": "{5bbca4a8-b209-48dc-a8c7-b23d3e5216fb}", "systemTime": "2020-07-28T23:16:52.903376400Z", "task": "0", "computer": "Dung-PC", "eventSourceName": "Microsoft-Windows-CAPI2", "providerName": "Microsoft-Windows-CAPI2", "level": "2", "version": "0", "opcode": "0", "eventRecordID": "80706", "threadID": "1748", "keywords": "0x8080000000000000", "severityValue": "ERROR", "message": "\"Failed extract of third-party root list from auto update cab at: <http://www.download.windowsupdate.com/msdownload/update/v3/static/trustedr/en/authrootstl.cab> with error: The data is invalid.\r\n.\"", "processID": "1732", "channel": "Application"}}}, "id": "1595978212.994807", "location": "EventChannel"}
{"timestamp": "2020-07-29T06:16:52.082+0700", "@timestamp": "2020-07-28T23:16:52.082Z", "rule": {"firedtimes": 30, "description": "Windows Application error event", "level": 9, "gpg13": ["4.3"], "groups": ["windows", "windows_application", "system_error"], "mail": false, "id": "60602", "gdpr": ["IV_35.7.d"]}, "manager": {"name": "vkm"}, "agent": {"ip": "192.168.1.20", "name": "viencn_may07", "id": "035"}, "decoder": {"name": "windows_eventchannel"}, "input": {"type": "log"}, "data": {"win": {"eventdata": {"data": "http://www.download.windowsupdate.com/msdownload/update/v3/static/trustedr/en/authrootstl.cab, The data is invalid."}, "system": {"eventID": "4107", "providerGuid": "{5bbca4a8-b209-48dc-a8c7-b23d3e5216fb}", "systemTime": "2020-07-28T23:16:52.936378300Z", "task": "0", "computer": "Dung-PC", "eventSourceName": "Microsoft-Windows-CAPI2", "providerName": "Microsoft-Windows-CAPI2", "level": "2", "version": "0", "opcode": "0", "eventRecordID": "80708", "threadID": "1748", "keywords": "0x8080000000000000", "severityValue": "ERROR", "message": "\"Failed extract of third-party root list from auto update cab at: <http://www.download.windowsupdate.com/msdownload/update/v3/static/trustedr/en/authrootstl.cab> with error: The data is invalid.\r\n.\"", "processID": "1732", "channel": "Application"}}}, "id": "1595978212.1004120", "location": "EventChannel"}
{"timestamp": "2020-07-29T06:16:53.949+0700", "@timestamp": "2020-07-28T23:16:53.949Z", "rule": {"firedtimes": 31, "description": "Windows Application error event", "level": 9, "gpg13": ["4.3"], "groups": ["windows", "windows_application", "system_error"], "mail": false, "id": "60602", "gdpr": ["IV_35.7.d"]}, "manager": {"name": "vkm"}, "agent": {"ip": "192.168.1.20", "name": "viencn_may07", "id": "035"}, "decoder": {"name": "windows_eventchannel"}, "input": {"type": "log"}, "data": {"win": {"eventdata": {"data": "http://www.download.windowsupdate.com/msdownload/update/v3/static/trustedr/en/authrootstl.cab, The data is invalid."}, "system": {"eventID": "4107", "providerGuid": "{5bbca4a8-b209-48dc-a8c7-b23d3e5216fb}", "systemTime": "2020-07-28T23:16:53.173391800Z", "task": "0", "computer": "Dung-PC", "eventSourceName": "Microsoft-Windows-CAPI2", "providerName": "Microsoft-Windows-CAPI2", "level": "2", "version": "0", "opcode": "0", "eventRecordID": "80709", "threadID": "1748", "keywords": "0x8080000000000000", "severityValue": "ERROR", "message": "\"Failed extract of third-party root list from auto update cab at: <http://www.download.windowsupdate.com/msdownload/update/v3/static/trustedr/en/authrootstl.cab> with error: The data is invalid.\r\n.\"", "processID": "1732", "channel": "Application"}}}, "id": "1595978213.1006022", "location": "EventChannel"}
{"timestamp": "2020-07-29T06:16:53.951+0700", "@timestamp": "2020-07-28T23:16:53.951Z", "rule": {"firedtimes": 32, "description": "Windows Application error event", "level": 9, "gpg13": ["4.3"], "groups": ["windows", "windows_application", "system_error"], "mail": false, "id": "60602", "gdpr": ["IV_35.7.d"]}, "manager": {"name": "vkm"}, "agent": {"ip": "192.168.1.20", "name": "viencn_may07", "id": "035"}, "decoder": {"name": "windows_eventchannel"}, "input": {"type": "log"}, "data": {"win": {"eventdata": {"data": "http://www.download.windowsupdate.com/msdownload/update/v3/static/trustedr/en/authrootstl.cab, The data is invalid."}, "system": {"eventID": "4107", "providerGuid": "{5bbca4a8-b209-48dc-a8c7-b23d3e5216fb}", "systemTime": "2020-07-28T23:16:53.185392500Z", "task": "0", "computer": "Dung-PC", "eventSourceName": "Microsoft-Windows-CAPI2", "providerName": "Microsoft-Windows-CAPI2", "level": "2", "version": "0", "opcode": "0", "eventRecordID": "80710", "threadID": "1748", "keywords": "0x8080000000000000", "severityValue": "ERROR", "message": "\"Failed extract of third-party root list from auto update cab at: <http://www.download.windowsupdate.com/msdownload/update/v3/static/trustedr/en/authrootstl.cab> with error: The data is invalid.\r\n.\"", "processID": "1732", "channel": "Application"}}}, "id": "1595978213.1007924", "location": "EventChannel"}
{"timestamp": "2020-07-29T06:16:53.952+0700", "@timestamp": "2020-07-28T23:16:53.952Z", "rule": {"firedtimes": 33, "description": "Windows Application error event", "level": 9, "gpg13": ["4.3"], "groups": ["windows", "windows_application", "system_error"], "mail": false, "id": "60602", "gdpr": ["IV_35.7.d"]}, "manager": {"name": "vkm"}, "agent": {"ip": "192.168.1.20", "name": "viencn_may07", "id": "035"}, "decoder": {"name": "windows_eventchannel"}, "input": {"type": "log"}, "data": {"win": {"eventdata": {"data": "http://www.download.windowsupdate.com/msdownload/update/v3/static/trustedr/en/authrootstl.cab, The data is invalid."}, "system": {"eventID": "4107", "providerGuid": "{5bbca4a8-b209-48dc-a8c7-b23d3e5216fb}", "systemTime": "2020-07-28T23:16:53.196393200Z", "task": "0", "computer": "Dung-PC", "eventSourceName": "Microsoft-Windows-CAPI2", "providerName": "Microsoft-Windows-CAPI2", "level": "2", "version": "0", "opcode": "0", "eventRecordID": "80711", "threadID": "1748", "keywords": "0x8080000000000000", "severityValue": "ERROR", "message": "\"Failed extract of third-party root list from auto update cab at: <http://www.download.windowsupdate.com/msdownload/update/v3/static/trustedr/en/authrootstl.cab> with error: The data is invalid.\r\n.\"", "processID": "1732", "channel": "Application"}}}, "id": "1595978213.1009826", "location": "EventChannel"}
{"timestamp": "2020-07-29T06:16:53.954+0700", "@timestamp": "2020-07-28T23:16:53.954Z", "rule": {"firedtimes": 34, "description": "Windows Application error event", "level": 9, "gpg13": ["4.3"], "groups": ["windows", "windows_application", "system_error"], "mail": false, "id": "60602", "gdpr": ["IV_35.7.d"]}, "manager": {"name": "vkm"}, "agent": {"ip": "192.168.1.20", "name": "viencn_may07", "id": "035"}, "decoder": {"name": "windows_eventchannel"}, "input": {"type": "log"}, "data": {"win": {"eventdata": {"data": "http://www.download.windowsupdate.com/msdownload/update/v3/static/trustedr/en/authrootstl.cab, The data is invalid."}, "system": {"eventID": "4107", "providerGuid": "{5bbca4a8-b209-48dc-a8c7-b23d3e5216fb}", "systemTime": "2020-07-28T23:16:53.207393800Z", "task": "0", "computer": "Dung-PC", "eventSourceName": "Microsoft-Windows-CAPI2", "providerName": "Microsoft-Windows-CAPI2", "level": "2", "version": "0", "opcode": "0", "eventRecordID": "80712", "threadID": "1748", "keywords": "0x8080000000000000", "severityValue": "ERROR", "message": "\"Failed extract of third-party root list from auto update cab at: <http://www.download.windowsupdate.com/msdownload/update/v3/static/trustedr/en/authrootstl.cab> with error: The data is invalid.\r\n.\"", "processID": "1732", "channel": "Application"}}}, "id": "1595978213.1011728", "location": "EventChannel"}
{"timestamp": "2020-07-29T06:16:53.959+0700", "@timestamp": "2020-07-28T23:16:53.959Z", "rule": {"firedtimes": 37, "description": "Windows Application error event", "level": 9, "gpg13": ["4.3"], "groups": ["windows", "windows_application", "system_error"], "mail": false, "id": "60602", "gdpr": ["IV_35.7.d"]}, "manager": {"name": "vkm"}, "agent": {"ip": "192.168.1.20", "name": "viencn_may07", "id": "035"}, "decoder": {"name": "windows_eventchannel"}, "input": {"type": "log"}, "data": {"win": {"eventdata": {"data": "http://www.download.windowsupdate.com/msdownload/update/v3/static/trustedr/en/authrootstl.cab, The data is invalid."}, "system": {"eventID": "4107", "providerGuid": "{5bbca4a8-b209-48dc-a8c7-b23d3e5216fb}", "systemTime": "2020-07-28T23:16:53.265397100Z", "task": "0", "computer": "Dung-PC", "eventSourceName": "Microsoft-Windows-CAPI2", "providerName": "Microsoft-Windows-CAPI2", "level": "2", "version": "0", "opcode": "0", "eventRecordID": "80716", "threadID": "1748", "keywords": "0x8080000000000000", "severityValue": "ERROR", "message": "\"Failed extract of third-party root list from auto update cab at: <http://www.download.windowsupdate.com/msdownload/update/v3/static/trustedr/en/authrootstl.cab> with error: The data is invalid.\r\n.\"", "processID": "1732", "channel": "Application"}}}, "id": "1595978213.1024846", "location": "EventChannel"}
{"timestamp": "2020-07-29T06:16:53.966+0700", "@timestamp": "2020-07-28T23:16:53.966Z", "rule": {"firedtimes": 42, "description": "Windows Application error event", "level": 9, "gpg13": ["4.3"], "groups": ["windows", "windows_application", "system_error"], "mail": false, "id": "60602", "gdpr": ["IV_35.7.d"]}, "manager": {"name": "vkm"}, "agent": {"ip": "192.168.1.20", "name": "viencn_may07", "id": "035"}, "decoder": {"name": "windows_eventchannel"}, "input": {"type": "log"}, "data": {"win": {"eventdata": {"data": "http://www.download.windowsupdate.com/msdownload/update/v3/static/trustedr/en/authrootstl.cab, The data is invalid."}, "system": {"eventID": "4107", "providerGuid": "{5bbca4a8-b209-48dc-a8c7-b23d3e5216fb}", "systemTime": "2020-07-28T23:16:53.403405000Z", "task": "0", "computer": "Dung-PC", "eventSourceName": "Microsoft-Windows-CAPI2", "providerName": "Microsoft-Windows-CAPI2", "level": "2", "version": "0", "opcode": "0", "eventRecordID": "80721", "threadID": "1748", "keywords": "0x8080000000000000", "severityValue": "ERROR", "message": "\"Failed extract of third-party root list from auto update cab at: <http://www.download.windowsupdate.com/msdownload/update/v3/static/trustedr/en/authrootstl.cab> with error: The data is invalid.\r\n.\"", "processID": "1732", "channel": "Application"}}}, "id": "1595978213.1034356", "location": "EventChannel"}
{"timestamp": "2020-07-29T06:16:53.967+0700", "@timestamp": "2020-07-28T23:16:53.967Z", "manager": {"name": "vkm"}, "rule": {"firedtimes": 6, "description": "Multiple Windows error Application events", "level": 10, "frequency": 8, "groups": ["windows", "windows_application"], "mail": false, "id": "61061"}, "previous_output": "{\"win\":{\"system\":{\"providerName\":\"Microsoft-Windows-CAPI2\",\"providerGuid\":\"{5bbca4a8-b209-48dc-a8c7-b23d3e5216fb}\",\"eventSourceName\":\"Microsoft-Windows-CAPI2\",\"eventID\":\"4107\",\"version\":\"0\",\"level\":\"2\",\"task\":\"0\",\"opcode\":\"0\",\"keywords\":\"0x8080000000000000\",\"systemTime\":\"2020-07-28T23:16:53.403405000Z\",\"eventRecordID\":\"80721\",\"processID\":\"1732\",\"threadID\":\"1748\",\"channel\":\"Application\",\"computer\":\"Dung-PC\",\"severityValue\":\"ERROR\",\"message\":\"\\\"Failed extract of third-party root list from auto update cab at: <http://www.download.windowsupdate.com/msdownload/update/v3/static/trustedr/en/authrootstl.cab> with error: The data is invalid.\\r\\n.\\\"\"},\"eventdata\":{\"data\":\"http://www.download.windowsupdate.com/msdownload/update/v3/static/trustedr/en/authrootstl.cab, The data is invalid.\"}}}\n{\"win\":{\"system\":{\"providerName\":\"Microsoft-Windows-CAPI2\",\"providerGuid\":\"{5bbca4a8-b209-48dc-a8c7-b23d3e5216fb}\",\"eventSourceName\":\"Microsoft-Windows-CAPI2\",\"eventID\":\"4107\",\"version\":\"0\",\"level\":\"2\",\"task\":\"0\",\"opcode\":\"0\",\"keywords\":\"0x8080000000000000\",\"systemTime\":\"2020-07-28T23:16:53.325400500Z\",\"eventRecordID\":\"80720\",\"processID\":\"1732\",\"threadID\":\"1748\",\"channel\":\"Application\",\"computer\":\"Dung-PC\",\"severityValue\":\"ERROR\",\"message\":\"\\\"Failed extract of third-party root list from auto update cab at: <http://www.download.windowsupdate.com/msdownload/update/v3/static/trustedr/en/authrootstl.cab> with error: The data is invalid.\\r\\n.\\\"\"},\"eventdata\":{\"data\":\"http://www.download.windowsupdate.com/msdownload/update/v3/static/trustedr/en/authrootstl.cab, The data is invalid.\"}}}\n{\"win\":{\"system\":{\"providerName\":\"Microsoft-Windows-CAPI2\",\"providerGuid\":\"{5bbca4a8-b209-48dc-a8c7-b23d3e5216fb}\",\"eventSourceName\":\"Microsoft-Windows-CAPI2\",\"eventID\":\"4107\",\"version\":\"0\",\"level\":\"2\",\"task\":\"0\",\"opcode\":\"0\",\"keywords\":\"0x8080000000000000\",\"systemTime\":\"2020-07-28T23:16:53.313399900Z\",\"eventRecordID\":\"80719\",\"processID\":\"1732\",\"threadID\":\"1748\",\"channel\":\"Application\",\"computer\":\"Dung-PC\",\"severityValue\":\"ERROR\",\"message\":\"\\\"Failed extract of third-party root list from auto update cab at: <http://www.download.windowsupdate.com/msdownload/update/v3/static/trustedr/en/authrootstl.cab> with error: The data is invalid.\\r\\n.\\\"\"},\"eventdata\":{\"data\":\"http://www.download.windowsupdate.com/msdownload/update/v3/static/trustedr/en/authrootstl.cab, The data is invalid.\"}}}\n{\"win\":{\"system\":{\"providerName\":\"Microsoft-Windows-CAPI2\",\"providerGuid\":\"{5bbca4a8-b209-48dc-a8c7-b23d3e5216fb}\",\"eventSourceName\":\"Microsoft-Windows-CAPI2\",\"eventID\":\"4107\",\"version\":\"0\",\"level\":\"2\",\"task\":\"0\",\"opcode\":\"0\",\"keywords\":\"0x8080000000000000\",\"systemTime\":\"2020-07-28T23:16:53.291398600Z\",\"eventRecordID\":\"80717\",\"processID\":\"1732\",\"threadID\":\"1748\",\"channel\":\"Application\",\"computer\":\"Dung-PC\",\"severityValue\":\"ERROR\",\"message\":\"\\\"Failed extract of third-party root list from auto update cab at: <http://www.download.windowsupdate.com/msdownload/update/v3/static/trustedr/en/authrootstl.cab> with error: The data is invalid.\\r\\n.\\\"\"},\"eventdata\":{\"data\":\"http://www.download.windowsupdate.com/msdownload/update/v3/static/trustedr/en/authrootstl.cab, The data is invalid.\"}}}\n{\"win\":{\"system\":{\"providerName\":\"Microsoft-Windows-CAPI2\",\"providerGuid\":\"{5bbca4a8-b209-48dc-a8c7-b23d3e5216fb}\",\"eventSourceName\":\"Microsoft-Windows-CAPI2\",\"eventID\":\"4107\",\"version\":\"0\",\"level\":\"2\",\"task\":\"0\",\"opcode\":\"0\",\"keywords\":\"0x8080000000000000\",\"systemTime\":\"2020-07-28T23:16:53.302399200Z\",\"eventRecordID\":\"80718\",\"processID\":\"1732\",\"threadID\":\"1748\",\"channel\":\"Application\",\"computer\":\"Dung-PC\",\"severityValue\":\"ERROR\",\"message\":\"\\\"Failed extract of third-party root list from auto update cab at: <http://www.download.windowsupdate.com/msdownload/update/v3/static/trustedr/en/authrootstl.cab> with error: The data is invalid.\\r\\n.\\\"\"},\"eventdata\":{\"data\":\"http://www.download.windowsupdate.com/msdownload/update/v3/static/trustedr/en/authrootstl.cab, The data is invalid.\"}}}\n{\"win\":{\"system\":{\"providerName\":\"Microsoft-Windows-CAPI2\",\"providerGuid\":\"{5bbca4a8-b209-48dc-a8c7-b23d3e5216fb}\",\"eventSourceName\":\"Microsoft-Windows-CAPI2\",\"eventID\":\"4107\",\"version\":\"0\",\"level\":\"2\",\"task\":\"0\",\"opcode\":\"0\",\"keywords\":\"0x8080000000000000\",\"systemTime\":\"2020-07-28T23:16:53.265397100Z\",\"eventRecordID\":\"80716\",\"processID\":\"1732\",\"threadID\":\"1748\",\"channel\":\"Application\",\"computer\":\"Dung-PC\",\"severityValue\":\"ERROR\",\"message\":\"\\\"Failed extract of third-party root list from auto update cab at: <http://www.download.windowsupdate.com/msdownload/update/v3/static/trustedr/en/authrootstl.cab> with error: The data is invalid.\\r\\n.\\\"\"},\"eventdata\":{\"data\":\"http://www.download.windowsupdate.com/msdownload/update/v3/static/trustedr/en/authrootstl.cab, The data is invalid.\"}}}\n{\"win\":{\"system\":{\"providerName\":\"Microsoft-Windows-CAPI2\",\"providerGuid\":\"{5bbca4a8-b209-48dc-a8c7-b23d3e5216fb}\",\"eventSourceName\":\"Microsoft-Windows-CAPI2\",\"eventID\":\"4107\",\"version\":\"0\",\"level\":\"2\",\"task\":\"0\",\"opcode\":\"0\",\"keywords\":\"0x8080000000000000\",\"systemTime\":\"2020-07-28T23:16:53.254396500Z\",\"eventRecordID\":\"80715\",\"processID\":\"1732\",\"threadID\":\"1748\",\"channel\":\"Application\",\"computer\":\"Dung-PC\",\"severityValue\":\"ERROR\",\"message\":\"\\\"Failed extract of third-party root list from auto update cab at: <http://www.download.windowsupdate.com/msdownload/update/v3/static/trustedr/en/authrootstl.cab> with error: The data is invalid.\\r\\n.\\\"\"},\"eventdata\":{\"data\":\"http://www.download.windowsupdate.com/msdownload/update/v3/static/trustedr/en/authrootstl.cab, The data is invalid.\"}}}", "agent": {"ip": "192.168.1.20", "name": "viencn_may07", "id": "035"}, "decoder": {"name": "windows_eventchannel"}, "input": {"type": "log"}, "data": {"win": {"eventdata": {"data": "http://www.download.windowsupdate.com/msdownload/update/v3/static/trustedr/en/authrootstl.cab, The data is invalid."}, "system": {"eventID": "4107", "providerGuid": "{5bbca4a8-b209-48dc-a8c7-b23d3e5216fb}", "systemTime": "2020-07-28T23:16:53.417405800Z", "task": "0", "computer": "Dung-PC", "eventSourceName": "Microsoft-Windows-CAPI2", "providerName": "Microsoft-Windows-CAPI2", "level": "2", "version": "0", "opcode": "0", "eventRecordID": "80722", "threadID": "1748", "keywords": "0x8080000000000000", "severityValue": "ERROR", "message": "\"Failed extract of third-party root list from auto update cab at: <http://www.download.windowsupdate.com/msdownload/update/v3/static/trustedr/en/authrootstl.cab> with error: The data is invalid.\r\n.\"", "processID": "1732", "channel": "Application"}}}, "id": "1595978213.1036258", "location": "EventChannel"}
{"timestamp": "2020-07-29T06:16:53.967+0700", "@timestamp": "2020-07-28T23:16:53.967Z", "rule": {"firedtimes": 43, "description": "Windows Application error event", "level": 9, "gpg13": ["4.3"], "groups": ["windows", "windows_application", "system_error"], "mail": false, "id": "60602", "gdpr": ["IV_35.7.d"]}, "manager": {"name": "vkm"}, "agent": {"ip": "192.168.1.20", "name": "viencn_may07", "id": "035"}, "decoder": {"name": "windows_eventchannel"}, "input": {"type": "log"}, "data": {"win": {"eventdata": {"data": "http://www.download.windowsupdate.com/msdownload/update/v3/static/trustedr/en/authrootstl.cab, The data is invalid."}, "system": {"eventID": "4107", "providerGuid": "{5bbca4a8-b209-48dc-a8c7-b23d3e5216fb}", "systemTime": "2020-07-28T23:16:53.429406500Z", "task": "0", "computer": "Dung-PC", "eventSourceName": "Microsoft-Windows-CAPI2", "providerName": "Microsoft-Windows-CAPI2", "level": "2", "version": "0", "opcode": "0", "eventRecordID": "80723", "threadID": "1748", "keywords": "0x8080000000000000", "severityValue": "ERROR", "message": "\"Failed extract of third-party root list from auto update cab at: <http://www.download.windowsupdate.com/msdownload/update/v3/static/trustedr/en/authrootstl.cab> with error: The data is invalid.\r\n.\"", "processID": "1732", "channel": "Application"}}}, "id": "1595978213.1043670", "location": "EventChannel"}
{"timestamp": "2020-07-29T06:16:53.969+0700", "@timestamp": "2020-07-28T23:16:53.969Z", "rule": {"firedtimes": 45, "description": "Windows Application error event", "level": 9, "gpg13": ["4.3"], "groups": ["windows", "windows_application", "system_error"], "mail": false, "id": "60602", "gdpr": ["IV_35.7.d"]}, "manager": {"name": "vkm"}, "agent": {"ip": "192.168.1.20", "name": "viencn_may07", "id": "035"}, "decoder": {"name": "windows_eventchannel"}, "input": {"type": "log"}, "data": {"win": {"eventdata": {"data": "http://www.download.windowsupdate.com/msdownload/update/v3/static/trustedr/en/authrootstl.cab, The data is invalid."}, "system": {"eventID": "4107", "providerGuid": "{5bbca4a8-b209-48dc-a8c7-b23d3e5216fb}", "systemTime": "2020-07-28T23:16:53.463408400Z", "task": "0", "computer": "Dung-PC", "eventSourceName": "Microsoft-Windows-CAPI2", "providerName": "Microsoft-Windows-CAPI2", "level": "2", "version": "0", "opcode": "0", "eventRecordID": "80725", "threadID": "1744", "keywords": "0x8080000000000000", "severityValue": "ERROR", "message": "\"Failed extract of third-party root list from auto update cab at: <http://www.download.windowsupdate.com/msdownload/update/v3/static/trustedr/en/authrootstl.cab> with error: The data is invalid.\r\n.\"", "processID": "1732", "channel": "Application"}}}, "id": "1595978213.1047474", "location": "EventChannel"}
{"timestamp": "2020-07-29T06:16:01.953+0700", "@timestamp": "2020-07-28T23:16:01.953Z", "rule": {"firedtimes": 14, "description": "Windows Application error event", "level": 9, "gpg13": ["4.3"], "groups": ["windows", "windows_application", "system_error"], "mail": false, "id": "60602", "gdpr": ["IV_35.7.d"]}, "manager": {"name": "vkm"}, "agent": {"ip": "192.168.1.20", "name": "viencn_may07", "id": "035"}, "decoder": {"name": "windows_eventchannel"}, "input": {"type": "log"}, "data": {"win": {"eventdata": {"data": "http://www.download.windowsupdate.com/msdownload/update/v3/static/trustedr/en/authrootstl.cab, A certificate chain processed, but terminated in a root certificate which is not trusted by the trust provider."}, "system": {"eventID": "4107", "providerGuid": "{5bbca4a8-b209-48dc-a8c7-b23d3e5216fb}", "systemTime": "2020-07-28T23:16:01.785476400Z", "task": "0", "computer": "Dung-PC", "eventSourceName": "Microsoft-Windows-CAPI2", "providerName": "Microsoft-Windows-CAPI2", "level": "2", "version": "0", "opcode": "0", "eventRecordID": "80689", "threadID": "920", "keywords": "0x8080000000000000", "severityValue": "ERROR", "message": "\"Failed extract of third-party root list from auto update cab at: <http://www.download.windowsupdate.com/msdownload/update/v3/static/trustedr/en/authrootstl.cab> with error: A certificate chain processed, but terminated in a root certificate which is not trusted by the trust provider.\r\n.\"", "processID": "1732", "channel": "Application"}}}, "id": "1595978161.948469", "location": "EventChannel"}
{"timestamp": "2020-07-29T06:16:01.955+0700", "@timestamp": "2020-07-28T23:16:01.955Z", "rule": {"firedtimes": 15, "description": "Windows Application error event", "level": 9, "gpg13": ["4.3"], "groups": ["windows", "windows_application", "system_error"], "mail": false, "id": "60602", "gdpr": ["IV_35.7.d"]}, "manager": {"name": "vkm"}, "agent": {"ip": "192.168.1.20", "name": "viencn_may07", "id": "035"}, "decoder": {"name": "windows_eventchannel"}, "input": {"type": "log"}, "data": {"win": {"eventdata": {"data": "http://www.download.windowsupdate.com/msdownload/update/v3/static/trustedr/en/authrootstl.cab, A certificate chain processed, but terminated in a root certificate which is not trusted by the trust provider."}, "system": {"eventID": "4107", "providerGuid": "{5bbca4a8-b209-48dc-a8c7-b23d3e5216fb}", "systemTime": "2020-07-28T23:16:01.910276600Z", "task": "0", "computer": "Dung-PC", "eventSourceName": "Microsoft-Windows-CAPI2", "providerName": "Microsoft-Windows-CAPI2", "level": "2", "version": "0", "opcode": "0", "eventRecordID": "80691", "threadID": "920", "keywords": "0x8080000000000000", "severityValue": "ERROR", "message": "\"Failed extract of third-party root list from auto update cab at: <http://www.download.windowsupdate.com/msdownload/update/v3/static/trustedr/en/authrootstl.cab> with error: A certificate chain processed, but terminated in a root certificate which is not trusted by the trust provider.\r\n.\"", "processID": "1732", "channel": "Application"}}}, "id": "1595978161.959776", "location": "EventChannel"}
{"timestamp": "2020-07-29T06:15:51.959+0700", "@timestamp": "2020-07-28T23:15:51.959Z", "rule": {"firedtimes": 5, "description": "Windows Application error event", "level": 9, "gpg13": ["4.3"], "groups": ["windows", "windows_application", "system_error"], "mail": false, "id": "60602", "gdpr": ["IV_35.7.d"]}, "manager": {"name": "vkm"}, "agent": {"ip": "192.168.1.20", "name": "viencn_may07", "id": "035"}, "decoder": {"name": "windows_eventchannel"}, "input": {"type": "log"}, "data": {"win": {"eventdata": {"data": "http://www.download.windowsupdate.com/msdownload/update/v3/static/trustedr/en/authrootstl.cab, A certificate chain processed, but terminated in a root certificate which is not trusted by the trust provider."}, "system": {"eventID": "4107", "providerGuid": "{5bbca4a8-b209-48dc-a8c7-b23d3e5216fb}", "systemTime": "2020-07-28T23:15:52.581460200Z", "task": "0", "computer": "Dung-PC", "eventSourceName": "Microsoft-Windows-CAPI2", "providerName": "Microsoft-Windows-CAPI2", "level": "2", "version": "0", "opcode": "0", "eventRecordID": "80677", "threadID": "2580", "keywords": "0x8080000000000000", "severityValue": "ERROR", "message": "\"Failed extract of third-party root list from auto update cab at: <http://www.download.windowsupdate.com/msdownload/update/v3/static/trustedr/en/authrootstl.cab> with error: A certificate chain processed, but terminated in a root certificate which is not trusted by the trust provider.\r\n.\"", "processID": "1732", "channel": "Application"}}}, "id": "1595978151.910349", "location": "EventChannel"}
{"timestamp": "2020-07-29T06:15:55.960+0700", "@timestamp": "2020-07-28T23:15:55.960Z", "rule": {"firedtimes": 6, "description": "Windows Application error event", "level": 9, "gpg13": ["4.3"], "groups": ["windows", "windows_application", "system_error"], "mail": false, "id": "60602", "gdpr": ["IV_35.7.d"]}, "manager": {"name": "vkm"}, "agent": {"ip": "192.168.1.20", "name": "viencn_may07", "id": "035"}, "decoder": {"name": "windows_eventchannel"}, "input": {"type": "log"}, "data": {"win": {"eventdata": {"data": "http://www.download.windowsupdate.com/msdownload/update/v3/static/trustedr/en/authrootstl.cab, A certificate chain processed, but terminated in a root certificate which is not trusted by the trust provider."}, "system": {"eventID": "4107", "providerGuid": "{5bbca4a8-b209-48dc-a8c7-b23d3e5216fb}", "systemTime": "2020-07-28T23:15:55.327065000Z", "task": "0", "computer": "Dung-PC", "eventSourceName": "Microsoft-Windows-CAPI2", "providerName": "Microsoft-Windows-CAPI2", "level": "2", "version": "0", "opcode": "0", "eventRecordID": "80680", "threadID": "1772", "keywords": "0x8080000000000000", "severityValue": "ERROR", "message": "\"Failed extract of third-party root list from auto update cab at: <http://www.download.windowsupdate.com/msdownload/update/v3/static/trustedr/en/authrootstl.cab> with error: A certificate chain processed, but terminated in a root certificate which is not trusted by the trust provider.\r\n.\"", "processID": "1732", "channel": "Application"}}}, "id": "1595978155.915005", "location": "EventChannel"}
{"timestamp": "2020-07-29T06:15:55.968+0700", "@timestamp": "2020-07-28T23:15:55.968Z", "rule": {"firedtimes": 10, "description": "Windows Application error event", "level": 9, "gpg13": ["4.3"], "groups": ["windows", "windows_application", "system_error"], "mail": false, "id": "60602", "gdpr": ["IV_35.7.d"]}, "manager": {"name": "vkm"}, "agent": {"ip": "192.168.1.20", "name": "viencn_may07", "id": "035"}, "decoder": {"name": "windows_eventchannel"}, "input": {"type": "log"}, "data": {"win": {"eventdata": {"data": "http://www.download.windowsupdate.com/msdownload/update/v3/static/trustedr/en/authrootstl.cab, A certificate chain processed, but terminated in a root certificate which is not trusted by the trust provider."}, "system": {"eventID": "4107", "providerGuid": "{5bbca4a8-b209-48dc-a8c7-b23d3e5216fb}", "systemTime": "2020-07-28T23:15:55.654665600Z", "task": "0", "computer": "Dung-PC", "eventSourceName": "Microsoft-Windows-CAPI2", "providerName": "Microsoft-Windows-CAPI2", "level": "2", "version": "0", "opcode": "0", "eventRecordID": "80685", "threadID": "1744", "keywords": "0x8080000000000000", "severityValue": "ERROR", "message": "\"Failed extract of third-party root list from auto update cab at: <http://www.download.windowsupdate.com/msdownload/update/v3/static/trustedr/en/authrootstl.cab> with error: A certificate chain processed, but terminated in a root certificate which is not trusted by the trust provider.\r\n.\"", "processID": "1732", "channel": "Application"}}}, "id": "1595978155.933114", "location": "EventChannel"}
{"timestamp": "2020-07-29T06:20:43.428+0700", "@timestamp": "2020-07-28T23:20:43.428Z", "rule": {"firedtimes": 46, "description": "Windows Application error event", "level": 9, "gpg13": ["4.3"], "groups": ["windows", "windows_application", "system_error"], "mail": false, "id": "60602", "gdpr": ["IV_35.7.d"]}, "manager": {"name": "vkm"}, "agent": {"ip": "192.168.1.20", "name": "viencn_may07", "id": "035"}, "decoder": {"name": "windows_eventchannel"}, "input": {"type": "log"}, "data": {"win": {"eventdata": {"data": "{E77CACAE-4120-48DD-8BB2-EE7721278FDF}, Dung-PC\\\\Dung, Broadband Connection, 0"}, "system": {"eventID": "20227", "systemTime": "2020-07-28T23:20:44.000000000Z", "task": "0", "providerName": "RasClient", "level": "2", "computer": "Dung-PC", "eventRecordID": "80735", "keywords": "0x80000000000000", "severityValue": "ERROR", "message": "\"CoId={E77CACAE-4120-48DD-8BB2-EE7721278FDF}: The user Dung-PC\\Dung dialed a connection named Broadband Connection which has failed. The error code returned on failure is 0.\"", "channel": "Application"}}}, "id": "1595978443.1063658", "location": "EventChannel"}
{"timestamp": "2020-07-29T07:46:08.747+0700", "@timestamp": "2020-07-29T00:46:08.747Z", "rule": {"firedtimes": 7, "description": "Windows Application error event", "level": 9, "gpg13": ["4.3"], "groups": ["windows", "windows_application", "system_error"], "mail": false, "id": "60602", "gdpr": ["IV_35.7.d"]}, "manager": {"name": "vkm"}, "agent": {"ip": "192.168.100.25", "name": "viencn_may08", "id": "036"}, "decoder": {"name": "windows_eventchannel"}, "input": {"type": "log"}, "data": {"win": {"eventdata": {"data": "Subscription licensing service failed: -1073418154"}, "system": {"eventID": "0", "systemTime": "2020-07-29T00:46:08.233535500Z", "task": "0", "providerName": "Office 2013 Licensing Service", "level": "2", "computer": "LAPTOP-BJBFTD7K", "eventRecordID": "43776", "keywords": "0x80000000000000", "severityValue": "ERROR", "channel": "Application"}}}, "id": "1595983568.2038710", "location": "EventChannel"}
